02:01:59 **** Incremental Build of configuration Nios II for project alarm_clock ****
make all 
Info: Building ../alarm_clock_bsp/
C:/intelFPGA_lite/18.1/nios2eds/bin/gnu/H-x86_64-mingw32/bin/make --no-print-directory -C ../alarm_clock_bsp/
[BSP build complete]
Info: Compiling hello_world_small.c to obj/default/hello_world_small.o
nios2-elf-gcc -xc -MP -MMD -c -I../alarm_clock_bsp//HAL/inc -I../alarm_clock_bsp/ -I../alarm_clock_bsp//drivers/inc  -pipe -D__hal__ -DALT_NO_C_PLUS_PLUS -DALT_NO_CLEAN_EXIT -D'exit(a)=_exit(a)' -DALT_NO_EXIT -DALT_USE_DIRECT_DRIVERS -DALT_NO_INSTRUCTION_EMULATION -DALT_USE_SMALL_DRIVERS -DSMALL_C_LIB -DALT_SINGLE_THREADED    -Os -g -Wall   -mno-hw-div -mno-hw-mul -mno-hw-mulx -mgpopt=global  -o obj/default/hello_world_small.o hello_world_small.c
Info: Linking alarm_clock.elf
nios2-elf-g++  -T'../alarm_clock_bsp//linker.x' -msys-crt0='../alarm_clock_bsp//obj/HAL/src/crt0.o' -msys-lib=hal_bsp -L../alarm_clock_bsp/  -msmallc  -Wl,-Map=alarm_clock.map   -Os -g -Wall   -mno-hw-div -mno-hw-mul -mno-hw-mulx -mgpopt=global  -o alarm_clock.elf obj/default/hello_world_small.o -lm -msys-lib=m
nios2-elf-insert alarm_clock.elf --thread_model hal --cpu_name CPU --qsys true --simulation_enabled false --stderr_dev UART --stdin_dev UART --stdout_dev UART --sopc_system_name system --quartus_project_dir "C:/Users/erick/Documents/Git/CE5303-Minimal-SoC-Design-for-Alarm-Clock/cpu" --sopcinfo C:/Users/erick/Documents/Git/CE5303-Minimal-SoC-Design-for-Alarm-Clock/cpu/software/alarm_clock_bsp/../../system.sopcinfo
Info: (alarm_clock.elf) 2052 Bytes program size (code + initialized data).
Info:                   1992 Bytes free for stack + heap.
Info: Creating alarm_clock.objdump
nios2-elf-objdump --disassemble --syms --all-header --source alarm_clock.elf >alarm_clock.objdump
[alarm_clock build complete]

02:02:01 Build Finished (took 1s.993ms)

02:02:22 **** Build of configuration Nios II for project alarm_clock ****
make all 
Info: Building ../alarm_clock_bsp/
C:/intelFPGA_lite/18.1/nios2eds/bin/gnu/H-x86_64-mingw32/bin/make --no-print-directory -C ../alarm_clock_bsp/
[BSP build complete]
[alarm_clock build complete]
02:02:24 **** Incremental Build of configuration Nios II for project alarm_clock ****
make all 
Info: Building ../alarm_clock_bsp/
C:/intelFPGA_lite/18.1/nios2eds/bin/gnu/H-x86_64-mingw32/bin/make --no-print-directory -C ../alarm_clock_bsp/
[BSP build complete]
[alarm_clock build complete]
